<?xml version="1.0" encoding="UTF-8"?>
<!-- Generated by org.testng.reporters.JUnitReportReporter -->
<testsuite hostname="Munnas-MacBook-Pro.local" name="FrGrp.HomePage" tests="1" failures="0" timestamp="7 Apr 2020 20:51:54 GMT" time="27.711" errors="0">
  <testcase name="basePageNavigation" time="27.711" classname="FrGrp.HomePage"/>
</testsuite> <!-- FrGrp.HomePage -->
