<?xml version="1.0" encoding="UTF-8"?>
<!-- Generated by org.testng.reporters.JUnitReportReporter -->
<testsuite hostname="Munnas-MacBook-Pro.local" name="FrGrp.LoginPage" tests="1" failures="0" timestamp="24 Apr 2020 12:33:45 GMT" time="13.048" errors="0">
  <testcase name="loginPageAccess" time="13.048" classname="FrGrp.LoginPage"/>
</testsuite> <!-- FrGrp.LoginPage -->
