<?xml version="1.0" encoding="UTF-8"?>
<!-- Generated by org.testng.reporters.JUnitReportReporter -->
<testsuite hostname="Munnas-MacBook-Pro.local" name="FrGrp.LoginPage" tests="1" failures="0" timestamp="17 Apr 2020 22:13:10 GMT" time="14.781" errors="0">
  <testcase name="loginPageAccess" time="14.781" classname="FrGrp.LoginPage"/>
</testsuite> <!-- FrGrp.LoginPage -->
