<?xml version="1.0" encoding="UTF-8"?>
<!-- Generated by org.testng.reporters.JUnitReportReporter -->
<testsuite hostname="Munnas-MacBook-Pro.local" name="FrGrp.Assertxx" tests="1" failures="0" timestamp="7 Apr 2020 20:52:04 GMT" time="8.150" errors="0">
  <testcase name="Assertion" time="8.150" classname="FrGrp.Assertxx"/>
</testsuite> <!-- FrGrp.Assertxx -->
