<?xml version="1.0" encoding="UTF-8"?>
<!-- Generated by org.testng.reporters.JUnitReportReporter -->
<testsuite hostname="Munnas-MacBook-Pro.local" name="FrGrp.LoginPage" tests="1" failures="0" timestamp="18 Apr 2020 15:32:11 GMT" time="25.716" errors="0">
  <testcase name="loginPageAccess" time="25.716" classname="FrGrp.LoginPage"/>
</testsuite> <!-- FrGrp.LoginPage -->
